1724676089.025937 client started (25109): version 3.2a, socket /tmp/tmux-1000/default, protocol 8
1724676089.025950 on Linux 5.15.146.1-microsoft-standard-WSL2 #1 SMP Thu Jan 11 04:09:03 UTC 2024
1724676089.025992 using libevent 2.1.12-stable (poll); ncurses 6.3
1724676089.025999 flags are 0x18010000
1724676089.026000 socket is /tmp/tmux-1000/default
1724676089.026005 trying connect
1724676089.026054 add peer 0x55f951c36e90: 7 ((nil))
1724676089.026190 sending message 100 to peer 0x55f951c36e90 (4 bytes)
1724676089.026193 sending message 111 to peer 0x55f951c36e90 (8 bytes)
1724676089.026194 sending message 101 to peer 0x55f951c36e90 (15 bytes)
1724676089.026196 sending message 109 to peer 0x55f951c36e90 (4 bytes)
1724676089.026197 sending message 102 to peer 0x55f951c36e90 (12 bytes)
1724676089.026198 sending message 108 to peer 0x55f951c36e90 (46 bytes)
1724676089.026200 sending message 112 to peer 0x55f951c36e90 (58 bytes)
1724676089.026201 sending message 112 to peer 0x55f951c36e90 (5 bytes)
1724676089.026202 sending message 112 to peer 0x55f951c36e90 (5 bytes)
1724676089.026203 sending message 112 to peer 0x55f951c36e90 (6 bytes)
1724676089.026204 sending message 112 to peer 0x55f951c36e90 (6 bytes)
1724676089.026205 sending message 112 to peer 0x55f951c36e90 (11 bytes)
1724676089.026206 sending message 112 to peer 0x55f951c36e90 (10 bytes)
1724676089.026208 sending message 112 to peer 0x55f951c36e90 (13 bytes)
1724676089.026209 sending message 112 to peer 0x55f951c36e90 (14 bytes)
1724676089.026210 sending message 112 to peer 0x55f951c36e90 (19 bytes)
1724676089.026211 sending message 112 to peer 0x55f951c36e90 (11 bytes)
1724676089.026212 sending message 112 to peer 0x55f951c36e90 (10 bytes)
1724676089.026213 sending message 112 to peer 0x55f951c36e90 (15 bytes)
1724676089.026214 sending message 112 to peer 0x55f951c36e90 (21 bytes)
1724676089.026215 sending message 112 to peer 0x55f951c36e90 (13 bytes)
1724676089.026216 sending message 112 to peer 0x55f951c36e90 (7 bytes)
1724676089.026218 sending message 112 to peer 0x55f951c36e90 (13 bytes)
1724676089.026219 sending message 112 to peer 0x55f951c36e90 (7 bytes)
1724676089.026220 sending message 112 to peer 0x55f951c36e90 (13 bytes)
1724676089.026221 sending message 112 to peer 0x55f951c36e90 (9 bytes)
1724676089.026222 sending message 112 to peer 0x55f951c36e90 (21 bytes)
1724676089.026223 sending message 112 to peer 0x55f951c36e90 (13 bytes)
1724676089.026224 sending message 112 to peer 0x55f951c36e90 (9 bytes)
1724676089.026225 sending message 112 to peer 0x55f951c36e90 (16 bytes)
1724676089.026226 sending message 112 to peer 0x55f951c36e90 (13 bytes)
1724676089.026227 sending message 112 to peer 0x55f951c36e90 (9 bytes)
1724676089.026228 sending message 112 to peer 0x55f951c36e90 (9 bytes)
1724676089.026229 sending message 112 to peer 0x55f951c36e90 (12 bytes)
1724676089.026230 sending message 112 to peer 0x55f951c36e90 (8 bytes)
1724676089.026232 sending message 112 to peer 0x55f951c36e90 (8 bytes)
1724676089.026233 sending message 112 to peer 0x55f951c36e90 (13 bytes)
1724676089.026234 sending message 112 to peer 0x55f951c36e90 (7 bytes)
1724676089.026235 sending message 112 to peer 0x55f951c36e90 (7 bytes)
1724676089.026236 sending message 112 to peer 0x55f951c36e90 (9 bytes)
1724676089.026237 sending message 112 to peer 0x55f951c36e90 (9 bytes)
1724676089.026238 sending message 112 to peer 0x55f951c36e90 (15 bytes)
1724676089.026239 sending message 112 to peer 0x55f951c36e90 (13 bytes)
1724676089.026240 sending message 112 to peer 0x55f951c36e90 (12 bytes)
1724676089.026241 sending message 112 to peer 0x55f951c36e90 (8 bytes)
1724676089.026242 sending message 112 to peer 0x55f951c36e90 (14 bytes)
1724676089.026243 sending message 112 to peer 0x55f951c36e90 (11 bytes)
1724676089.026245 sending message 112 to peer 0x55f951c36e90 (9 bytes)
1724676089.026246 sending message 112 to peer 0x55f951c36e90 (10 bytes)
1724676089.026247 sending message 112 to peer 0x55f951c36e90 (10 bytes)
1724676089.026248 sending message 112 to peer 0x55f951c36e90 (10 bytes)
1724676089.026249 sending message 112 to peer 0x55f951c36e90 (10 bytes)
1724676089.026253 sending message 112 to peer 0x55f951c36e90 (11 bytes)
1724676089.026254 sending message 112 to peer 0x55f951c36e90 (12 bytes)
1724676089.026256 sending message 112 to peer 0x55f951c36e90 (12 bytes)
1724676089.026257 sending message 112 to peer 0x55f951c36e90 (12 bytes)
1724676089.026258 sending message 112 to peer 0x55f951c36e90 (12 bytes)
1724676089.026259 sending message 112 to peer 0x55f951c36e90 (12 bytes)
1724676089.026260 sending message 112 to peer 0x55f951c36e90 (11 bytes)
1724676089.026261 sending message 112 to peer 0x55f951c36e90 (11 bytes)
1724676089.026262 sending message 112 to peer 0x55f951c36e90 (12 bytes)
1724676089.026263 sending message 112 to peer 0x55f951c36e90 (12 bytes)
1724676089.026264 sending message 112 to peer 0x55f951c36e90 (12 bytes)
1724676089.026265 sending message 112 to peer 0x55f951c36e90 (12 bytes)
1724676089.026266 sending message 112 to peer 0x55f951c36e90 (12 bytes)
1724676089.026267 sending message 112 to peer 0x55f951c36e90 (9 bytes)
1724676089.026268 sending message 112 to peer 0x55f951c36e90 (12 bytes)
1724676089.026269 sending message 112 to peer 0x55f951c36e90 (13 bytes)
1724676089.026270 sending message 112 to peer 0x55f951c36e90 (13 bytes)
1724676089.026271 sending message 112 to peer 0x55f951c36e90 (13 bytes)
1724676089.026272 sending message 112 to peer 0x55f951c36e90 (13 bytes)
1724676089.026274 sending message 112 to peer 0x55f951c36e90 (13 bytes)
1724676089.026275 sending message 112 to peer 0x55f951c36e90 (8 bytes)
1724676089.026276 sending message 112 to peer 0x55f951c36e90 (11 bytes)
1724676089.026277 sending message 112 to peer 0x55f951c36e90 (11 bytes)
1724676089.026278 sending message 112 to peer 0x55f951c36e90 (11 bytes)
1724676089.026279 sending message 112 to peer 0x55f951c36e90 (12 bytes)
1724676089.026280 sending message 112 to peer 0x55f951c36e90 (12 bytes)
1724676089.026281 sending message 112 to peer 0x55f951c36e90 (12 bytes)
1724676089.026282 sending message 112 to peer 0x55f951c36e90 (12 bytes)
1724676089.026283 sending message 112 to peer 0x55f951c36e90 (13 bytes)
1724676089.026284 sending message 112 to peer 0x55f951c36e90 (13 bytes)
1724676089.026285 sending message 112 to peer 0x55f951c36e90 (13 bytes)
1724676089.026286 sending message 112 to peer 0x55f951c36e90 (8 bytes)
1724676089.026287 sending message 112 to peer 0x55f951c36e90 (13 bytes)
1724676089.026288 sending message 112 to peer 0x55f951c36e90 (13 bytes)
1724676089.026289 sending message 112 to peer 0x55f951c36e90 (13 bytes)
1724676089.026291 sending message 112 to peer 0x55f951c36e90 (13 bytes)
1724676089.026292 sending message 112 to peer 0x55f951c36e90 (13 bytes)
1724676089.026293 sending message 112 to peer 0x55f951c36e90 (12 bytes)
1724676089.026294 sending message 112 to peer 0x55f951c36e90 (12 bytes)
1724676089.026295 sending message 112 to peer 0x55f951c36e90 (12 bytes)
1724676089.026296 sending message 112 to peer 0x55f951c36e90 (12 bytes)
1724676089.026297 sending message 112 to peer 0x55f951c36e90 (13 bytes)
1724676089.026298 sending message 112 to peer 0x55f951c36e90 (8 bytes)
1724676089.026299 sending message 112 to peer 0x55f951c36e90 (13 bytes)
1724676089.026300 sending message 112 to peer 0x55f951c36e90 (13 bytes)
1724676089.026301 sending message 112 to peer 0x55f951c36e90 (13 bytes)
1724676089.026302 sending message 112 to peer 0x55f951c36e90 (13 bytes)
1724676089.026303 sending message 112 to peer 0x55f951c36e90 (13 bytes)
1724676089.026304 sending message 112 to peer 0x55f951c36e90 (13 bytes)
1724676089.026306 sending message 112 to peer 0x55f951c36e90 (13 bytes)
1724676089.026307 sending message 112 to peer 0x55f951c36e90 (12 bytes)
1724676089.026308 sending message 112 to peer 0x55f951c36e90 (12 bytes)
1724676089.026309 sending message 112 to peer 0x55f951c36e90 (12 bytes)
1724676089.026310 sending message 112 to peer 0x55f951c36e90 (8 bytes)
1724676089.026311 sending message 112 to peer 0x55f951c36e90 (12 bytes)
1724676089.026312 sending message 112 to peer 0x55f951c36e90 (13 bytes)
1724676089.026313 sending message 112 to peer 0x55f951c36e90 (13 bytes)
1724676089.026316 sending message 112 to peer 0x55f951c36e90 (13 bytes)
1724676089.026317 sending message 112 to peer 0x55f951c36e90 (13 bytes)
1724676089.026318 sending message 112 to peer 0x55f951c36e90 (13 bytes)
1724676089.026319 sending message 112 to peer 0x55f951c36e90 (13 bytes)
1724676089.026320 sending message 112 to peer 0x55f951c36e90 (13 bytes)
1724676089.026321 sending message 112 to peer 0x55f951c36e90 (13 bytes)
1724676089.026322 sending message 112 to peer 0x55f951c36e90 (12 bytes)
1724676089.026323 sending message 112 to peer 0x55f951c36e90 (10 bytes)
1724676089.026333 sending message 112 to peer 0x55f951c36e90 (12 bytes)
1724676089.026335 sending message 112 to peer 0x55f951c36e90 (12 bytes)
1724676089.026336 sending message 112 to peer 0x55f951c36e90 (12 bytes)
1724676089.026337 sending message 112 to peer 0x55f951c36e90 (13 bytes)
1724676089.026338 sending message 112 to peer 0x55f951c36e90 (13 bytes)
1724676089.026339 sending message 112 to peer 0x55f951c36e90 (13 bytes)
1724676089.026340 sending message 112 to peer 0x55f951c36e90 (13 bytes)
1724676089.026341 sending message 112 to peer 0x55f951c36e90 (13 bytes)
1724676089.026342 sending message 112 to peer 0x55f951c36e90 (13 bytes)
1724676089.026343 sending message 112 to peer 0x55f951c36e90 (13 bytes)
1724676089.026344 sending message 112 to peer 0x55f951c36e90 (10 bytes)
1724676089.026346 sending message 112 to peer 0x55f951c36e90 (13 bytes)
1724676089.026347 sending message 112 to peer 0x55f951c36e90 (12 bytes)
1724676089.026349 sending message 112 to peer 0x55f951c36e90 (12 bytes)
1724676089.026350 sending message 112 to peer 0x55f951c36e90 (12 bytes)
1724676089.026351 sending message 112 to peer 0x55f951c36e90 (10 bytes)
1724676089.026352 sending message 112 to peer 0x55f951c36e90 (10 bytes)
1724676089.026353 sending message 112 to peer 0x55f951c36e90 (10 bytes)
1724676089.026354 sending message 112 to peer 0x55f951c36e90 (12 bytes)
1724676089.026356 sending message 112 to peer 0x55f951c36e90 (13 bytes)
1724676089.026357 sending message 112 to peer 0x55f951c36e90 (13 bytes)
1724676089.026358 sending message 112 to peer 0x55f951c36e90 (13 bytes)
1724676089.026359 sending message 112 to peer 0x55f951c36e90 (13 bytes)
1724676089.026360 sending message 112 to peer 0x55f951c36e90 (13 bytes)
1724676089.026361 sending message 112 to peer 0x55f951c36e90 (10 bytes)
1724676089.026362 sending message 112 to peer 0x55f951c36e90 (11 bytes)
1724676089.026363 sending message 112 to peer 0x55f951c36e90 (12 bytes)
1724676089.026364 sending message 112 to peer 0x55f951c36e90 (12 bytes)
1724676089.026365 sending message 112 to peer 0x55f951c36e90 (12 bytes)
1724676089.026366 sending message 112 to peer 0x55f951c36e90 (12 bytes)
1724676089.026367 sending message 112 to peer 0x55f951c36e90 (12 bytes)
1724676089.026368 sending message 112 to peer 0x55f951c36e90 (11 bytes)
1724676089.026369 sending message 112 to peer 0x55f951c36e90 (12 bytes)
1724676089.026370 sending message 112 to peer 0x55f951c36e90 (12 bytes)
1724676089.026371 sending message 112 to peer 0x55f951c36e90 (13 bytes)
1724676089.026372 sending message 112 to peer 0x55f951c36e90 (13 bytes)
1724676089.026373 sending message 112 to peer 0x55f951c36e90 (13 bytes)
1724676089.026375 sending message 112 to peer 0x55f951c36e90 (13 bytes)
1724676089.026376 sending message 112 to peer 0x55f951c36e90 (13 bytes)
1724676089.026377 sending message 112 to peer 0x55f951c36e90 (10 bytes)
1724676089.026378 sending message 112 to peer 0x55f951c36e90 (9 bytes)
1724676089.026379 sending message 112 to peer 0x55f951c36e90 (12 bytes)
1724676089.026380 sending message 112 to peer 0x55f951c36e90 (13 bytes)
1724676089.026381 sending message 112 to peer 0x55f951c36e90 (13 bytes)
1724676089.026382 sending message 112 to peer 0x55f951c36e90 (13 bytes)
1724676089.026383 sending message 112 to peer 0x55f951c36e90 (13 bytes)
1724676089.026384 sending message 112 to peer 0x55f951c36e90 (13 bytes)
1724676089.026385 sending message 112 to peer 0x55f951c36e90 (9 bytes)
1724676089.026388 sending message 112 to peer 0x55f951c36e90 (12 bytes)
1724676089.026389 sending message 112 to peer 0x55f951c36e90 (13 bytes)
1724676089.026390 sending message 112 to peer 0x55f951c36e90 (13 bytes)
1724676089.026403 sending message 112 to peer 0x55f951c36e90 (13 bytes)
1724676089.026405 sending message 112 to peer 0x55f951c36e90 (13 bytes)
1724676089.026407 sending message 112 to peer 0x55f951c36e90 (13 bytes)
1724676089.026408 sending message 112 to peer 0x55f951c36e90 (11 bytes)
1724676089.026409 sending message 112 to peer 0x55f951c36e90 (12 bytes)
1724676089.026410 sending message 112 to peer 0x55f951c36e90 (13 bytes)
1724676089.026411 sending message 112 to peer 0x55f951c36e90 (13 bytes)
1724676089.026412 sending message 112 to peer 0x55f951c36e90 (13 bytes)
1724676089.026413 sending message 112 to peer 0x55f951c36e90 (13 bytes)
1724676089.026414 sending message 112 to peer 0x55f951c36e90 (13 bytes)
1724676089.026415 sending message 112 to peer 0x55f951c36e90 (11 bytes)
1724676089.026416 sending message 112 to peer 0x55f951c36e90 (12 bytes)
1724676089.026417 sending message 112 to peer 0x55f951c36e90 (12 bytes)
1724676089.026418 sending message 112 to peer 0x55f951c36e90 (12 bytes)
1724676089.026419 sending message 112 to peer 0x55f951c36e90 (12 bytes)
1724676089.026420 sending message 112 to peer 0x55f951c36e90 (12 bytes)
1724676089.026422 sending message 112 to peer 0x55f951c36e90 (21 bytes)
1724676089.026423 sending message 112 to peer 0x55f951c36e90 (12 bytes)
1724676089.026425 sending message 112 to peer 0x55f951c36e90 (9 bytes)
1724676089.026426 sending message 112 to peer 0x55f951c36e90 (6 bytes)
1724676089.026427 sending message 112 to peer 0x55f951c36e90 (13 bytes)
1724676089.026428 sending message 112 to peer 0x55f951c36e90 (10 bytes)
1724676089.026429 sending message 112 to peer 0x55f951c36e90 (24 bytes)
1724676089.026430 sending message 112 to peer 0x55f951c36e90 (13 bytes)
1724676089.026431 sending message 112 to peer 0x55f951c36e90 (9 bytes)
1724676089.026432 sending message 112 to peer 0x55f951c36e90 (70 bytes)
1724676089.026433 sending message 112 to peer 0x55f951c36e90 (69 bytes)
1724676089.026434 sending message 112 to peer 0x55f951c36e90 (12 bytes)
1724676089.026435 sending message 112 to peer 0x55f951c36e90 (10 bytes)
1724676089.026436 sending message 112 to peer 0x55f951c36e90 (10 bytes)
1724676089.026437 sending message 112 to peer 0x55f951c36e90 (24 bytes)
1724676089.026438 sending message 112 to peer 0x55f951c36e90 (13 bytes)
1724676089.026440 sending message 112 to peer 0x55f951c36e90 (10 bytes)
1724676089.026441 sending message 112 to peer 0x55f951c36e90 (10 bytes)
1724676089.026442 sending message 112 to peer 0x55f951c36e90 (10 bytes)
1724676089.026443 sending message 112 to peer 0x55f951c36e90 (13 bytes)
1724676089.026444 sending message 112 to peer 0x55f951c36e90 (15 bytes)
1724676089.026445 sending message 112 to peer 0x55f951c36e90 (5 bytes)
1724676089.026446 sending message 104 to peer 0x55f951c36e90 (0 bytes)
1724676089.026447 sending message 110 to peer 0x55f951c36e90 (0 bytes)
1724676089.026449 sending message 107 to peer 0x55f951c36e90 (4 bytes)
1724676089.026450 sending message 105 to peer 0x55f951c36e90 (16 bytes)
1724676089.026451 sending message 105 to peer 0x55f951c36e90 (17 bytes)
1724676089.026452 sending message 105 to peer 0x55f951c36e90 (919 bytes)
1724676089.026453 sending message 105 to peer 0x55f951c36e90 (20 bytes)
1724676089.026454 sending message 105 to peer 0x55f951c36e90 (32 bytes)
1724676089.026455 sending message 105 to peer 0x55f951c36e90 (11 bytes)
1724676089.026457 sending message 105 to peer 0x55f951c36e90 (26 bytes)
1724676089.026459 sending message 105 to peer 0x55f951c36e90 (40 bytes)
1724676089.026460 sending message 105 to peer 0x55f951c36e90 (24 bytes)
1724676089.026461 sending message 105 to peer 0x55f951c36e90 (8 bytes)
1724676089.026462 sending message 105 to peer 0x55f951c36e90 (35 bytes)
1724676089.026463 sending message 105 to peer 0x55f951c36e90 (21 bytes)
1724676089.026464 sending message 105 to peer 0x55f951c36e90 (24 bytes)
1724676089.026466 sending message 105 to peer 0x55f951c36e90 (18 bytes)
1724676089.026467 sending message 105 to peer 0x55f951c36e90 (21 bytes)
1724676089.026468 sending message 105 to peer 0x55f951c36e90 (19 bytes)
1724676089.026469 sending message 105 to peer 0x55f951c36e90 (29 bytes)
1724676089.026470 sending message 105 to peer 0x55f951c36e90 (54 bytes)
1724676089.026471 sending message 105 to peer 0x55f951c36e90 (8 bytes)
1724676089.026472 sending message 105 to peer 0x55f951c36e90 (50 bytes)
1724676089.026473 sending message 105 to peer 0x55f951c36e90 (31 bytes)
1724676089.026474 sending message 105 to peer 0x55f951c36e90 (34 bytes)
1724676089.026476 sending message 105 to peer 0x55f951c36e90 (11 bytes)
1724676089.026477 sending message 105 to peer 0x55f951c36e90 (8 bytes)
1724676089.026478 sending message 105 to peer 0x55f951c36e90 (32 bytes)
1724676089.026480 sending message 105 to peer 0x55f951c36e90 (1416 bytes)
1724676089.026488 sending message 105 to peer 0x55f951c36e90 (21 bytes)
1724676089.026489 sending message 105 to peer 0x55f951c36e90 (19 bytes)
1724676089.026490 sending message 105 to peer 0x55f951c36e90 (21 bytes)
1724676089.026491 sending message 105 to peer 0x55f951c36e90 (32 bytes)
1724676089.026493 sending message 105 to peer 0x55f951c36e90 (16 bytes)
1724676089.026494 sending message 105 to peer 0x55f951c36e90 (59 bytes)
1724676089.026495 sending message 105 to peer 0x55f951c36e90 (68 bytes)
1724676089.026496 sending message 105 to peer 0x55f951c36e90 (16 bytes)
1724676089.026497 sending message 106 to peer 0x55f951c36e90 (0 bytes)
1724676089.026500 sending message 200 to peer 0x55f951c36e90 (4 bytes)
1724676089.026501 client loop enter
1724676089.027978 peer 0x55f951c36e90 message 207
1724676089.027985 sending message 208 to peer 0x55f951c36e90 (0 bytes)
1724676092.411066 peer 0x55f951c36e90 message 203
1724676092.411075 sending message 205 to peer 0x55f951c36e90 (0 bytes)
1724676092.411326 peer 0x55f951c36e90 message 204
1724676092.411334 client loop exit
